04/16 03:07:51: [[36mProcess_6[39m][[33mInfo[39m] Log level set to 1
04/16 03:07:51: [[36mProcess_6[39m][[94mInfo[39m] Yummy Server Running: [ID: Fast-1, TICK: 100, SIZE: 50, DEBUG: false]
04/16 03:07:51: [[36mProcess_6[39m][[94mInfo[39m] Game Server Connected to PM2
04/16 03:21:20: [[36mProcess_6[39m][[33mVerbose[39m] .. connected to game server [Hash: 8pogwXPHRJmClRWh, PID: 1]
04/16 03:21:24: [[36mProcess_6[39m][[33mVerbose[39m] No place to fill
04/16 03:21:28: [[36mProcess_6[39m][[33mVerbose[39m] No place to fill
04/16 03:21:33: [[36mProcess_6[39m][[33mVerbose[39m] No place to fill
04/16 03:21:38: [[36mProcess_6[39m][[33mVerbose[39m] No place to fill
04/16 03:21:45: [[36mProcess_6[39m][[33mVerbose[39m] No place to fill
04/16 03:21:52: [[36mProcess_6[39m][[33mVerbose[39m] No place to fill
04/16 03:22:15: [[36mProcess_6[39m][[33mVerbose[39m] Killing: 
05/07 22:31:47: [[36mProcess_6[39m][[33mInfo[39m] Log level set to 1
05/07 22:31:47: [[36mProcess_6[39m][[94mInfo[39m] Yummy Server Running: [ID: Fast-1, TICK: 100, SIZE: 50, DEBUG: false]
05/07 22:31:47: [[36mProcess_6[39m][[94mInfo[39m] Game Server Connected to PM2
05/08 00:24:19: [[36mProcess_6[39m][[33mInfo[39m] Log level set to 1
05/08 00:24:19: [[36mProcess_6[39m][[94mInfo[39m] Yummy Server Running: [ID: Fast-1, TICK: 100, SIZE: 50, DEBUG: false]
05/08 00:24:19: [[36mProcess_6[39m][[94mInfo[39m] Game Server Connected to PM2
05/11 19:02:11: [[36mProcess_6[39m][[33mInfo[39m] Log level set to 1
05/11 19:02:11: [[36mProcess_6[39m][[94mInfo[39m] Yummy Server Running: [ID: Fast-1, TICK: 100, SIZE: 50, DEBUG: false]
05/11 19:02:11: [[36mProcess_6[39m][[94mInfo[39m] Game Server Connected to PM2
05/12 01:35:07: [[36mProcess_6[39m][[33mInfo[39m] Log level set to 1
05/12 01:35:07: [[36mProcess_6[39m][[94mInfo[39m] Yummy Server Running: [ID: Fast-1, TICK: 100, SIZE: 50, DEBUG: false]
05/12 01:35:07: [[36mProcess_6[39m][[94mInfo[39m] Game Server Connected to PM2
05/12 02:02:24: [[36mProcess_6[39m][[33mInfo[39m] Log level set to 1
05/12 02:02:24: [[36mProcess_6[39m][[94mInfo[39m] Yummy Server Running: [ID: Fast-1, TICK: 100, SIZE: 50, DEBUG: false]
05/12 02:02:24: [[36mProcess_6[39m][[94mInfo[39m] Game Server Connected to PM2
05/12 03:21:40: [[36mProcess_6[39m][[33mInfo[39m] Log level set to 1
05/12 03:21:40: [[36mProcess_6[39m][[94mInfo[39m] Yummy Server Running: [ID: Fast-1, TICK: 100, SIZE: 50, DEBUG: false]
05/12 03:21:40: [[36mProcess_6[39m][[94mInfo[39m] Game Server Connected to PM2
05/12 03:24:15: [[36mProcess_6[39m][[33mInfo[39m] Log level set to 1
05/12 03:24:15: [[36mProcess_6[39m][[94mInfo[39m] Yummy Server Running: [ID: Fast-1, TICK: 100, SIZE: 50, DEBUG: false]
05/12 03:24:15: [[36mProcess_6[39m][[94mInfo[39m] Game Server Connected to PM2
05/12 03:25:42: [[36mProcess_6[39m][[33mInfo[39m] Log level set to 1
05/12 03:25:42: [[36mProcess_6[39m][[94mInfo[39m] Yummy Server Running: [ID: Fast-1, TICK: 100, SIZE: 50, DEBUG: false]
05/12 03:25:42: [[36mProcess_6[39m][[94mInfo[39m] Game Server Connected to PM2
05/12 03:31:06: [[36mProcess_6[39m][[33mInfo[39m] Log level set to 1
05/12 03:31:06: [[36mProcess_6[39m][[94mInfo[39m] Yummy Server Running: [ID: Fast-1, TICK: 100, SIZE: 50, DEBUG: false]
05/12 03:31:06: [[36mProcess_6[39m][[94mInfo[39m] Game Server Connected to PM2
05/12 03:48:02: [[36mProcess_6[39m][[33mInfo[39m] Log level set to 1
05/12 03:48:02: [[36mProcess_6[39m][[94mInfo[39m] Yummy Server Running: [ID: Fast-1, TICK: 100, SIZE: 50, DEBUG: false]
05/12 03:48:02: [[36mProcess_6[39m][[94mInfo[39m] Game Server Connected to PM2
